Build started 4.5.2016 19:40:03.
     1>Project "C:\Users\Taskupappi\Documents\GitHub\AIkurssi\examples\WarGame\WarGame.vcxproj" on node 2 (Build target(s)).
     1>ClCompile:
         C:\Program Files (x86)\Microsoft Visual Studio 12.0\VC\bin\CL.exe /c /IC:\Users\Taskupappi\Documents\GitHub\AIkurssi\examples\WarGame\../../sdk /IC:\Users\Taskupappi\Documents\GitHub\AIkurssi\examples\WarGame\../../yam2d/engine/external /IC:\Users\Taskupappi\Documents\GitHub\AIkurssi\examples\WarGame\../../yam2d/engine/include /ZI /nologo /W3 /WX- /Od /Oy- /D WIN32 /D _DEBUG /D _CONSOLE /D _LIB /D _UNICODE /D UNICODE /Gm /EHsc /RTC1 /MDd /GS /fp:precise /Zc:wchar_t /Zc:forScope /Fo"Debug\\" /Fd"Debug\vc120.pdb" /Gd /TP /analyze- /errorReport:prompt Dummies.cpp Pathfinding.cpp main.cpp
         Pathfinding.cpp
     1>c:\users\taskupappi\documents\github\aikurssi\yam2d\engine\include\ref.inl(63): error C2027: use of undefined type 'yam2d::SpriteSheet'
                 c:\users\taskupappi\documents\github\aikurssi\yam2d\engine\include\text.h(34) : see declaration of 'yam2d::SpriteSheet'
                 c:\users\taskupappi\documents\github\aikurssi\yam2d\engine\include\ref.inl(60) : while compiling class template member function 'yam2d::Ref<yam2d::SpriteSheet>::~Ref(void)'
                 c:\users\taskupappi\documents\github\aikurssi\yam2d\engine\include\text.h(47) : see reference to function template instantiation 'yam2d::Ref<yam2d::SpriteSheet>::~Ref(void)' being compiled
                 c:\users\taskupappi\documents\github\aikurssi\yam2d\engine\include\text.h(70) : see reference to class template instantiation 'yam2d::Ref<yam2d::SpriteSheet>' being compiled
     1>c:\users\taskupappi\documents\github\aikurssi\yam2d\engine\include\ref.inl(63): error C2227: left of '->releaseRef' must point to class/struct/union/generic type
     1>c:\users\taskupappi\documents\github\aikurssi\yam2d\engine\include\ref.inl(65): warning C4150: deletion of pointer to incomplete type 'yam2d::SpriteSheet'; no destructor called
                 c:\users\taskupappi\documents\github\aikurssi\yam2d\engine\include\text.h(34) : see declaration of 'yam2d::SpriteSheet'
     1>c:\users\taskupappi\documents\github\aikurssi\yam2d\engine\include\ref.inl(63): error C2027: use of undefined type 'yam2d::Sprite'
                 c:\users\taskupappi\documents\github\aikurssi\yam2d\engine\include\spritebatch.h(38) : see declaration of 'yam2d::Sprite'
                 c:\users\taskupappi\documents\github\aikurssi\yam2d\engine\include\ref.inl(60) : while compiling class template member function 'yam2d::Ref<yam2d::Sprite>::~Ref(void)'
                 c:\users\taskupappi\documents\github\aikurssi\yam2d\engine\include\text.h(47) : see reference to function template instantiation 'yam2d::Ref<yam2d::Sprite>::~Ref(void)' being compiled
                 c:\users\taskupappi\documents\github\aikurssi\yam2d\engine\include\text.h(71) : see reference to class template instantiation 'yam2d::Ref<yam2d::Sprite>' being compiled
     1>c:\users\taskupappi\documents\github\aikurssi\yam2d\engine\include\ref.inl(65): warning C4150: deletion of pointer to incomplete type 'yam2d::Sprite'; no destructor called
                 c:\users\taskupappi\documents\github\aikurssi\yam2d\engine\include\spritebatch.h(38) : see declaration of 'yam2d::Sprite'
         Generating Code...
         Compiling...
         Dummies.cpp
         Generating Code...
         Compiling...
         main.cpp
     1>c:\users\taskupappi\documents\github\aikurssi\examples\wargame\main.cpp(158): warning C4018: '<' : signed/unsigned mismatch
     1>c:\users\taskupappi\documents\github\aikurssi\examples\wargame\main.cpp(160): warning C4018: '<' : signed/unsigned mismatch
         Generating Code...
     1>Done Building Project "C:\Users\Taskupappi\Documents\GitHub\AIkurssi\examples\WarGame\WarGame.vcxproj" (Build target(s)) -- FAILED.

Build FAILED.

Time Elapsed 00:00:02.48
